# JRE version: OpenJDK Runtime Environment (17.0.6) (build 17.0.6+0-b2043.56-10027231)
# Java VM: OpenJDK 64-Bit Server VM (17.0.6+0-b2043.56-10027231, mixed mode, tiered, compressed oops, compressed class ptrs, g1 gc, windows-amd64)
GC Precious Log:
 CPUs: 12 total, 12 available
 Memory: 7029M
 Large Page Support: Disabled
 NUMA Support: Disabled
 Compressed Oops: Enabled (32-bit)
 Heap Region Size: 1M
 Heap Min Capacity: 8M
 Heap Initial Capacity: 110M
 Heap Max Capacity: 2G
 Pre-touch: Disabled
 Parallel Workers: 10
 Concurrent Workers: 3
 Concurrent Refinement Workers: 10
 Periodic GC: Disabled
Heap:
 garbage-first heap   total 377856K, used 238913K [0x0000000080000000, 0x0000000100000000)
  region size 1024K, 5 young (5120K), 5 survivors (5120K)
 Metaspace       used 124128K, committed 125120K, reserved 1163264K
  class space    used 17183K, committed 17664K, reserved 1048576K
GC Heap History (20 events):
Event: 42.307 GC heap after
{Heap after GC invocations=73 (full 0):
 garbage-first heap   total 286720K, used 172163K [0x0000000080000000, 0x0000000100000000)
  region size 1024K, 5 young (5120K), 5 survivors (5120K)
 Metaspace       used 106953K, committed 107840K, reserved 1146880K
  class space    used 14211K, committed 14656K, reserved 1048576K
}
Event: 42.827 GC heap before
{Heap before GC invocations=74 (full 0):
 garbage-first heap   total 336896K, used 239747K [0x0000000080000000, 0x0000000100000000)
  region size 1024K, 72 young (73728K), 5 survivors (5120K)
 Metaspace       used 107008K, committed 107904K, reserved 1146880K
  class space    used 14212K, committed 14656K, reserved 1048576K
}
Event: 42.831 GC heap after
{Heap after GC invocations=75 (full 0):
 garbage-first heap   total 336896K, used 172688K [0x0000000080000000, 0x0000000100000000)
  region size 1024K, 5 young (5120K), 5 survivors (5120K)
 Metaspace       used 107008K, committed 107904K, reserved 1146880K
  class space    used 14212K, committed 14656K, reserved 1048576K
}
Event: 42.874 GC heap before
{Heap before GC invocations=75 (full 0):
 garbage-first heap   total 336896K, used 182928K [0x0000000080000000, 0x0000000100000000)
  region size 1024K, 16 young (16384K), 5 survivors (5120K)
 Metaspace       used 107008K, committed 107904K, reserved 1146880K
  class space    used 14212K, committed 14656K, reserved 1048576K
}
Event: 42.935 GC heap after
{Heap after GC invocations=76 (full 0):
 garbage-first heap   total 336896K, used 169496K [0x0000000080000000, 0x0000000100000000)
  region size 1024K, 2 young (2048K), 2 survivors (2048K)
 Metaspace       used 107008K, committed 107904K, reserved 1146880K
  class space    used 14212K, committed 14656K, reserved 1048576K
}
Event: 44.748 GC heap before
{Heap before GC invocations=76 (full 0):
 garbage-first heap   total 336896K, used 287256K [0x0000000080000000, 0x0000000100000000)
  region size 1024K, 118 young (120832K), 2 survivors (2048K)
 Metaspace       used 109471K, committed 110400K, reserved 1146880K
  class space    used 14591K, committed 15040K, reserved 1048576K
}
Event: 44.754 GC heap after
{Heap after GC invocations=77 (full 0):
 garbage-first heap   total 336896K, used 180656K [0x0000000080000000, 0x0000000100000000)
  region size 1024K, 13 young (13312K), 13 survivors (13312K)
 Metaspace       used 109471K, committed 110400K, reserved 1146880K
  class space    used 14591K, committed 15040K, reserved 1048576K
}
Event: 46.012 GC heap before
{Heap before GC invocations=77 (full 0):
 garbage-first heap   total 336896K, used 283056K [0x0000000080000000, 0x0000000100000000)
  region size 1024K, 113 young (115712K), 13 survivors (13312K)
 Metaspace       used 114880K, committed 115776K, reserved 1155072K
  class space    used 15498K, committed 15936K, reserved 1048576K
}
Event: 46.056 GC heap after
{Heap after GC invocations=78 (full 0):
 garbage-first heap   total 336896K, used 197907K [0x0000000080000000, 0x0000000100000000)
  region size 1024K, 15 young (15360K), 15 survivors (15360K)
 Metaspace       used 114880K, committed 115776K, reserved 1155072K
  class space    used 15498K, committed 15936K, reserved 1048576K
}
Event: 46.267 GC heap before
{Heap before GC invocations=78 (full 0):
 garbage-first heap   total 336896K, used 275731K [0x0000000080000000, 0x0000000100000000)
  region size 1024K, 92 young (94208K), 15 survivors (15360K)
 Metaspace       used 115807K, committed 116800K, reserved 1155072K
  class space    used 15614K, committed 16064K, reserved 1048576K
}
Event: 46.293 GC heap after
{Heap after GC invocations=79 (full 0):
 garbage-first heap   total 336896K, used 211260K [0x0000000080000000, 0x0000000100000000)
  region size 1024K, 12 young (12288K), 12 survivors (12288K)
 Metaspace       used 115807K, committed 116800K, reserved 1155072K
  class space    used 15614K, committed 16064K, reserved 1048576K
}
Event: 47.190 GC heap before
{Heap before GC invocations=80 (full 0):
 garbage-first heap   total 377856K, used 276796K [0x0000000080000000, 0x0000000100000000)
  region size 1024K, 77 young (78848K), 12 survivors (12288K)
 Metaspace       used 120417K, committed 121408K, reserved 1155072K
  class space    used 16563K, committed 17024K, reserved 1048576K
}
Event: 47.210 GC heap after
{Heap after GC invocations=81 (full 0):
 garbage-first heap   total 377856K, used 221457K [0x0000000080000000, 0x0000000100000000)
  region size 1024K, 9 young (9216K), 9 survivors (9216K)
 Metaspace       used 120417K, committed 121408K, reserved 1155072K
  class space    used 16563K, committed 17024K, reserved 1048576K
}
Event: 47.299 GC heap before
{Heap before GC invocations=81 (full 0):
 garbage-first heap   total 377856K, used 229649K [0x0000000080000000, 0x0000000100000000)
  region size 1024K, 18 young (18432K), 9 survivors (9216K)
 Metaspace       used 120985K, committed 121984K, reserved 1155072K
  class space    used 16674K, committed 17152K, reserved 1048576K
}
Event: 47.308 GC heap after
{Heap after GC invocations=82 (full 0):
 garbage-first heap   total 377856K, used 220410K [0x0000000080000000, 0x0000000100000000)
  region size 1024K, 2 young (2048K), 2 survivors (2048K)
 Metaspace       used 120985K, committed 121984K, reserved 1155072K
  class space    used 16674K, committed 17152K, reserved 1048576K
}
Event: 47.692 GC heap before
{Heap before GC invocations=82 (full 0):
 garbage-first heap   total 377856K, used 308474K [0x0000000080000000, 0x0000000100000000)
  region size 1024K, 88 young (90112K), 2 survivors (2048K)
 Metaspace       used 123150K, committed 124160K, reserved 1163264K
  class space    used 17045K, committed 17536K, reserved 1048576K
}
Event: 47.699 GC heap after
{Heap after GC invocations=83 (full 0):
 garbage-first heap   total 377856K, used 225652K [0x0000000080000000, 0x0000000100000000)
  region size 1024K, 8 young (8192K), 8 survivors (8192K)
 Metaspace       used 123150K, committed 124160K, reserved 1163264K
  class space    used 17045K, committed 17536K, reserved 1048576K
}
Event: 47.834 GC heap before
{Heap before GC invocations=83 (full 0):
 garbage-first heap   total 377856K, used 311668K [0x0000000080000000, 0x0000000100000000)
  region size 1024K, 92 young (94208K), 8 survivors (8192K)
 Metaspace       used 123421K, committed 124416K, reserved 1163264K
  class space    used 17060K, committed 17536K, reserved 1048576K
}
Event: 47.845 GC heap after
{Heap after GC invocations=84 (full 0):
 garbage-first heap   total 377856K, used 233634K [0x0000000080000000, 0x0000000100000000)
  region size 1024K, 12 young (12288K), 12 survivors (12288K)
 Metaspace       used 123421K, committed 124416K, reserved 1163264K
  class space    used 17060K, committed 17536K, reserved 1048576K
}
Event: 48.030 GC heap before
{Heap before GC invocations=84 (full 0):
 garbage-first heap   total 377856K, used 314530K [0x0000000080000000, 0x0000000100000000)
  region size 1024K, 91 young (93184K), 12 survivors (12288K)
 Metaspace       used 124128K, committed 125120K, reserved 1163264K
  class space    used 17183K, committed 17664K, reserved 1048576K
}

