# JRE version: OpenJDK Runtime Environment (17.0.6) (build 17.0.6+0-b2043.56-10027231)
# Java VM: OpenJDK 64-Bit Server VM (17.0.6+0-b2043.56-10027231, mixed mode, tiered, compressed oops, compressed class ptrs, g1 gc, windows-amd64)
GC Precious Log:
 CPUs: 12 total, 12 available
 Memory: 7029M
 Large Page Support: Disabled
 NUMA Support: Disabled
 Compressed Oops: Enabled (32-bit)
 Heap Region Size: 1M
 Heap Min Capacity: 8M
 Heap Initial Capacity: 110M
 Heap Max Capacity: 2G
 Pre-touch: Disabled
 Parallel Workers: 10
 Concurrent Workers: 3
 Concurrent Refinement Workers: 10
 Periodic GC: Disabled
Heap:
 garbage-first heap   total 249856K, used 156073K [0x0000000080000000, 0x0000000100000000)
  region size 1024K, 8 young (8192K), 8 survivors (8192K)
 Metaspace       used 99487K, committed 100160K, reserved 1138688K
  class space    used 14193K, committed 14464K, reserved 1048576K
GC Heap History (20 events):
Event: 14.923 GC heap after
{Heap after GC invocations=37 (full 0):
 garbage-first heap   total 130048K, used 80728K [0x0000000080000000, 0x0000000100000000)
  region size 1024K, 4 young (4096K), 4 survivors (4096K)
 Metaspace       used 84511K, committed 85120K, reserved 1122304K
  class space    used 11687K, committed 11968K, reserved 1048576K
}
Event: 15.087 GC heap before
{Heap before GC invocations=38 (full 0):
 garbage-first heap   total 150528K, used 105304K [0x0000000080000000, 0x0000000100000000)
  region size 1024K, 29 young (29696K), 4 survivors (4096K)
 Metaspace       used 84632K, committed 85248K, reserved 1122304K
  class space    used 11687K, committed 11968K, reserved 1048576K
}
Event: 15.090 GC heap after
{Heap after GC invocations=39 (full 0):
 garbage-first heap   total 150528K, used 82304K [0x0000000080000000, 0x0000000100000000)
  region size 1024K, 4 young (4096K), 4 survivors (4096K)
 Metaspace       used 84632K, committed 85248K, reserved 1122304K
  class space    used 11687K, committed 11968K, reserved 1048576K
}
Event: 15.123 GC heap before
{Heap before GC invocations=39 (full 0):
 garbage-first heap   total 150528K, used 85376K [0x0000000080000000, 0x0000000100000000)
  region size 1024K, 7 young (7168K), 4 survivors (4096K)
 Metaspace       used 84682K, committed 85312K, reserved 1122304K
  class space    used 11690K, committed 11968K, reserved 1048576K
}
Event: 15.126 GC heap after
{Heap after GC invocations=40 (full 0):
 garbage-first heap   total 150528K, used 82173K [0x0000000080000000, 0x0000000100000000)
  region size 1024K, 1 young (1024K), 1 survivors (1024K)
 Metaspace       used 84682K, committed 85312K, reserved 1122304K
  class space    used 11690K, committed 11968K, reserved 1048576K
}
Event: 15.707 GC heap before
{Heap before GC invocations=40 (full 0):
 garbage-first heap   total 150528K, used 120061K [0x0000000080000000, 0x0000000100000000)
  region size 1024K, 39 young (39936K), 1 survivors (1024K)
 Metaspace       used 85273K, committed 85888K, reserved 1130496K
  class space    used 11741K, committed 12032K, reserved 1048576K
}
Event: 15.714 GC heap after
{Heap after GC invocations=41 (full 0):
 garbage-first heap   total 249856K, used 86472K [0x0000000080000000, 0x0000000100000000)
  region size 1024K, 5 young (5120K), 5 survivors (5120K)
 Metaspace       used 85273K, committed 85888K, reserved 1130496K
  class space    used 11741K, committed 12032K, reserved 1048576K
}
Event: 16.616 GC heap before
{Heap before GC invocations=42 (full 0):
 garbage-first heap   total 249856K, used 184776K [0x0000000080000000, 0x0000000100000000)
  region size 1024K, 102 young (104448K), 5 survivors (5120K)
 Metaspace       used 86877K, committed 87552K, reserved 1130496K
  class space    used 12000K, committed 12288K, reserved 1048576K
}
Event: 16.624 GC heap after
{Heap after GC invocations=43 (full 0):
 garbage-first heap   total 249856K, used 96382K [0x0000000080000000, 0x0000000100000000)
  region size 1024K, 13 young (13312K), 13 survivors (13312K)
 Metaspace       used 86877K, committed 87552K, reserved 1130496K
  class space    used 12000K, committed 12288K, reserved 1048576K
}
Event: 16.628 GC heap before
{Heap before GC invocations=43 (full 0):
 garbage-first heap   total 249856K, used 97406K [0x0000000080000000, 0x0000000100000000)
  region size 1024K, 14 young (14336K), 13 survivors (13312K)
 Metaspace       used 86945K, committed 87616K, reserved 1130496K
  class space    used 12001K, committed 12288K, reserved 1048576K
}
Event: 16.634 GC heap after
{Heap after GC invocations=44 (full 0):
 garbage-first heap   total 249856K, used 96337K [0x0000000080000000, 0x0000000100000000)
  region size 1024K, 2 young (2048K), 2 survivors (2048K)
 Metaspace       used 86945K, committed 87616K, reserved 1130496K
  class space    used 12001K, committed 12288K, reserved 1048576K
}
Event: 17.240 GC heap before
{Heap before GC invocations=44 (full 0):
 garbage-first heap   total 249856K, used 186449K [0x0000000080000000, 0x0000000100000000)
  region size 1024K, 91 young (93184K), 2 survivors (2048K)
 Metaspace       used 91740K, committed 92352K, reserved 1130496K
  class space    used 12755K, committed 13056K, reserved 1048576K
}
Event: 17.251 GC heap after
{Heap after GC invocations=45 (full 0):
 garbage-first heap   total 249856K, used 111794K [0x0000000080000000, 0x0000000100000000)
  region size 1024K, 12 young (12288K), 12 survivors (12288K)
 Metaspace       used 91740K, committed 92352K, reserved 1130496K
  class space    used 12755K, committed 13056K, reserved 1048576K
}
Event: 17.539 GC heap before
{Heap before GC invocations=45 (full 0):
 garbage-first heap   total 249856K, used 189618K [0x0000000080000000, 0x0000000100000000)
  region size 1024K, 88 young (90112K), 12 survivors (12288K)
 Metaspace       used 94936K, committed 95552K, reserved 1138688K
  class space    used 13269K, committed 13568K, reserved 1048576K
}
Event: 17.555 GC heap after
{Heap after GC invocations=46 (full 0):
 garbage-first heap   total 249856K, used 124928K [0x0000000080000000, 0x0000000100000000)
  region size 1024K, 11 young (11264K), 11 survivors (11264K)
 Metaspace       used 94936K, committed 95552K, reserved 1138688K
  class space    used 13269K, committed 13568K, reserved 1048576K
}
Event: 17.776 GC heap before
{Heap before GC invocations=46 (full 0):
 garbage-first heap   total 249856K, used 194560K [0x0000000080000000, 0x0000000100000000)
  region size 1024K, 79 young (80896K), 11 survivors (11264K)
 Metaspace       used 96868K, committed 97536K, reserved 1138688K
  class space    used 13705K, committed 14016K, reserved 1048576K
}
Event: 17.791 GC heap after
{Heap after GC invocations=47 (full 0):
 garbage-first heap   total 249856K, used 136414K [0x0000000080000000, 0x0000000100000000)
  region size 1024K, 10 young (10240K), 10 survivors (10240K)
 Metaspace       used 96868K, committed 97536K, reserved 1138688K
  class space    used 13705K, committed 14016K, reserved 1048576K
}
Event: 17.921 GC heap before
{Heap before GC invocations=47 (full 0):
 garbage-first heap   total 249856K, used 198878K [0x0000000080000000, 0x0000000100000000)
  region size 1024K, 71 young (72704K), 10 survivors (10240K)
 Metaspace       used 98019K, committed 98624K, reserved 1138688K
  class space    used 13928K, committed 14208K, reserved 1048576K
}
Event: 17.934 GC heap after
{Heap after GC invocations=48 (full 0):
 garbage-first heap   total 249856K, used 146882K [0x0000000080000000, 0x0000000100000000)
  region size 1024K, 9 young (9216K), 9 survivors (9216K)
 Metaspace       used 98019K, committed 98624K, reserved 1138688K
  class space    used 13928K, committed 14208K, reserved 1048576K
}
Event: 18.050 GC heap before
{Heap before GC invocations=48 (full 0):
 garbage-first heap   total 249856K, used 201154K [0x0000000080000000, 0x0000000100000000)
  region size 1024K, 63 young (64512K), 9 survivors (9216K)
 Metaspace       used 99487K, committed 100160K, reserved 1138688K
  class space    used 14193K, committed 14464K, reserved 1048576K
}

